Using pre-set license
Built from '2022.3/staging' branch; Version is '2022.3.23f1 (dbb3f7c5b5c6) revision 14398455'; Using compiler version '192829333'; Build Type 'Release'
OS: 'Windows 11  (10.0.22631) 64bit Core' Language: 'ko' Physical Memory: 16068 MB
BatchMode: 1, IsHumanControllingUs: 0, StartBugReporterOnCrash: 0, Is64bit: 1, IsPro: 1

COMMAND LINE ARGUMENTS:
D:\unity\2022.3.23f1\Editor\Unity.exe
-adb2
-batchMode
-noUpm
-name
AssetImportWorker3
-projectPath
D:/Github/KMOU_OceanCluster_UnityProject/KMOU_Unity_Project
-logFile
Logs/AssetImportWorker3.log
-srvPort
55751
Successfully changed project path to: D:/Github/KMOU_OceanCluster_UnityProject/KMOU_Unity_Project
D:/Github/KMOU_OceanCluster_UnityProject/KMOU_Unity_Project
[UnityMemory] Configuration Parameters - Can be set up in boot.config
    "memorysetup-bucket-allocator-granularity=16"
    "memorysetup-bucket-allocator-bucket-count=8"
    "memorysetup-bucket-allocator-block-size=33554432"
    "memorysetup-bucket-allocator-block-count=8"
    "memorysetup-main-allocator-block-size=16777216"
    "memorysetup-thread-allocator-block-size=16777216"
    "memorysetup-gfx-main-allocator-block-size=16777216"
    "memorysetup-gfx-thread-allocator-block-size=16777216"
    "memorysetup-cache-allocator-block-size=4194304"
    "memorysetup-typetree-allocator-block-size=2097152"
    "memorysetup-profiler-bucket-allocator-granularity=16"
    "memorysetup-profiler-bucket-allocator-bucket-count=8"
    "memorysetup-profiler-bucket-allocator-block-size=33554432"
    "memorysetup-profiler-bucket-allocator-block-count=8"
    "memorysetup-profiler-allocator-block-size=16777216"
    "memorysetup-profiler-editor-allocator-block-size=1048576"
    "memorysetup-temp-allocator-size-main=16777216"
    "memorysetup-job-temp-allocator-block-size=2097152"
    "memorysetup-job-temp-allocator-block-size-background=1048576"
    "memorysetup-job-temp-allocator-reduction-small-platforms=262144"
    "memorysetup-allocator-temp-initial-block-size-main=262144"
    "memorysetup-allocator-temp-initial-block-size-worker=262144"
    "memorysetup-temp-allocator-size-background-worker=32768"
    "memorysetup-temp-allocator-size-job-worker=262144"
    "memorysetup-temp-allocator-size-preload-manager=33554432"
    "memorysetup-temp-allocator-size-nav-mesh-worker=65536"
    "memorysetup-temp-allocator-size-audio-worker=65536"
    "memorysetup-temp-allocator-size-cloud-worker=32768"
    "memorysetup-temp-allocator-size-gi-baking-worker=262144"
    "memorysetup-temp-allocator-size-gfx=262144"
Player connection [19472] Host "[IP] 172.30.98.143 [Port] 0 [Flags] 2 [Guid] 4103660100 [EditorId] 4103660100 [Version] 1048832 [Id] WindowsEditor(7,sr) [Debug] 1 [PackageName] WindowsEditor [ProjectName] Editor" joined multi-casting on [225.0.0.222:54997]...

Player connection [19472] Host "[IP] 172.30.98.143 [Port] 0 [Flags] 2 [Guid] 4103660100 [EditorId] 4103660100 [Version] 1048832 [Id] WindowsEditor(7,sr) [Debug] 1 [PackageName] WindowsEditor [ProjectName] Editor" joined alternative multi-casting on [225.0.0.222:34997]...

[Physics::Module] Initialized MultithreadedJobDispatcher with 15 workers.
Refreshing native plugins compatible for Editor in 16.64 ms, found 4 plugins.
Preloading 0 native plugins for Editor in 0.00 ms.
Initialize engine version: 2022.3.23f1 (dbb3f7c5b5c6)
[Subsystems] Discovering subsystems at path D:/unity/2022.3.23f1/Editor/Data/Resources/UnitySubsystems
[Subsystems] Discovering subsystems at path D:/Github/KMOU_OceanCluster_UnityProject/KMOU_Unity_Project/Assets
GfxDevice: creating device client; threaded=0; jobified=0
Direct3D:
    Version:  Direct3D 11.0 [level 11.1]
    Renderer: NVIDIA GeForce RTX 2050 (ID=0x25a9)
    Vendor:   NVIDIA
    VRAM:     3980 MB
    Driver:   31.0.15.4601
Initialize mono
Mono path[0] = 'D:/unity/2022.3.23f1/Editor/Data/Managed'
Mono path[1] = 'D:/unity/2022.3.23f1/Editor/Data/MonoBleedingEdge/lib/mono/unityjit-win32'
Mono config path = 'D:/unity/2022.3.23f1/Editor/Data/MonoBleedingEdge/etc'
Using monoOptions --debugger-agent=transport=dt_socket,embedding=1,server=y,suspend=n,address=127.0.0.1:56096
Begin MonoManager ReloadAssembly
Registering precompiled unity dll's ...
Register platform support module: D:/unity/2022.3.23f1/Editor/Data/PlaybackEngines/WebGLSupport/UnityEditor.WebGL.Extensions.dll
Register platform support module: D:/unity/2022.3.23f1/Editor/Data/PlaybackEngines/WindowsStandaloneSupport/UnityEditor.WindowsStandalone.Extensions.dll
Registered in 0.008588 seconds.
- Loaded All Assemblies, in  0.507 seconds
Native extension for WindowsStandalone target not found
Native extension for WebGL target not found
Mono: successfully reloaded assembly
- Finished resetting the current domain, in  0.430 seconds
Domain Reload Profiling: 937ms
	BeginReloadAssembly (167ms)
		ExecutionOrderSort (0ms)
		DisableScriptedObjects (0ms)
		BackupInstance (0ms)
		ReleaseScriptingObjects (0ms)
		CreateAndSetChildDomain (1ms)
	RebuildCommonClasses (46ms)
	RebuildNativeTypeToScriptingClass (13ms)
	initialDomainReloadingComplete (73ms)
	LoadAllAssembliesAndSetupDomain (208ms)
		LoadAssemblies (167ms)
		RebuildTransferFunctionScriptingTraits (0ms)
		AnalyzeDomain (203ms)
			TypeCache.Refresh (201ms)
				TypeCache.ScanAssembly (181ms)
			ScanForSourceGeneratedMonoScriptInfo (1ms)
			ResolveRequiredComponents (1ms)
	FinalizeReload (431ms)
		ReleaseScriptCaches (0ms)
		RebuildScriptCaches (0ms)
		SetupLoadedEditorAssemblies (338ms)
			LogAssemblyErrors (0ms)
			InitializePlatformSupportModulesInManaged (12ms)
			SetLoadedEditorAssemblies (8ms)
			RefreshPlugins (0ms)
			BeforeProcessingInitializeOnLoad (4ms)
			ProcessInitializeOnLoadAttributes (223ms)
			ProcessInitializeOnLoadMethodAttributes (92ms)
			AfterProcessingInitializeOnLoad (0ms)
			EditorAssembliesLoaded (0ms)
		ExecutionOrderSort2 (0ms)
		AwakeInstancesAfterBackupRestoration (0ms)
========================================================================
Worker process is ready to serve import requests
Begin MonoManager ReloadAssembly
Assembly 'Assets/NuGet/Editor/NugetForUnity.dll' will not be loaded due to errors:
Unable to resolve reference 'NuGetForUnity.PluginAPI'. Is the assembly missing or incompatible with the current platform?
Reference validation can be disabled in the Plugin Inspector.
- Loaded All Assemblies, in  0.908 seconds
Refreshing native plugins compatible for Editor in 6.32 ms, found 4 plugins.
Native extension for WindowsStandalone target not found
Native extension for WebGL target not found
Package Manager log level set to [2]
[Package Manager] Server::EnsureServerProcessIsRunning -- launch failed, reason: Unity was launched with the -noUpm command-line argument
[Package Manager] UpmClient::Send -- Unable to send message (not connected to UPM process).
[Package Manager] Cannot connect to Unity Package Manager local server
Mono: successfully reloaded assembly
- Finished resetting the current domain, in  0.746 seconds
Domain Reload Profiling: 1653ms
	BeginReloadAssembly (221ms)
		ExecutionOrderSort (0ms)
		DisableScriptedObjects (8ms)
		BackupInstance (0ms)
		ReleaseScriptingObjects (0ms)
		CreateAndSetChildDomain (31ms)
	RebuildCommonClasses (44ms)
	RebuildNativeTypeToScriptingClass (12ms)
	initialDomainReloadingComplete (56ms)
	LoadAllAssembliesAndSetupDomain (574ms)
		LoadAssemblies (501ms)
		RebuildTransferFunctionScriptingTraits (0ms)
		AnalyzeDomain (209ms)
			TypeCache.Refresh (176ms)
				TypeCache.ScanAssembly (155ms)
			ScanForSourceGeneratedMonoScriptInfo (24ms)
			ResolveRequiredComponents (7ms)
	FinalizeReload (747ms)
		ReleaseScriptCaches (0ms)
		RebuildScriptCaches (0ms)
		SetupLoadedEditorAssemblies (544ms)
			LogAssemblyErrors (0ms)
			InitializePlatformSupportModulesInManaged (6ms)
			SetLoadedEditorAssemblies (6ms)
			RefreshPlugins (0ms)
			BeforeProcessingInitializeOnLoad (80ms)
			ProcessInitializeOnLoadAttributes (403ms)
			ProcessInitializeOnLoadMethodAttributes (45ms)
			AfterProcessingInitializeOnLoad (3ms)
			EditorAssembliesLoaded (0ms)
		ExecutionOrderSort2 (0ms)
		AwakeInstancesAfterBackupRestoration (19ms)
Launched and connected shader compiler UnityShaderCompiler.exe after 0.12 seconds
Refreshing native plugins compatible for Editor in 6.86 ms, found 4 plugins.
Preloading 0 native plugins for Editor in 0.00 ms.
Unloading 4108 Unused Serialized files (Serialized files now loaded: 0)
Unloading 69 unused Assets / (63.6 KB). Loaded Objects now: 4566.
Memory consumption went from 149.3 MB to 149.2 MB.
Total: 4.432100 ms (FindLiveObjects: 0.307900 ms CreateObjectMapping: 0.155400 ms MarkObjects: 3.790100 ms  DeleteObjects: 0.176800 ms)

AssetImportParameters requested are different than current active one (requested -> active):
  custom:container-demuxer-ogg: 62fdf1f143b41e24485cea50d1cbac27 -> 
  custom:video-decoder-ogg-theora: a1e56fd34408186e4bbccfd4996cb3dc -> 
  custom:framework-win-MediaFoundation: 216162199b28c13a410421893ffa2e32 -> 
  custom:CustomObjectIndexerAttribute: 9a22284fe3817be447336de3de66b15e -> 
  custom:container-demuxer-webm: 4f35f7cbe854078d1ac9338744f61a02 -> 
  custom:container-muxer-webm: aa71ff27fc2769a1b78a27578f13a17b -> 
  custom:video-decoder-webm-vp8: 9c59270c3fd7afecdb556c50c9e8de78 -> 
  custom:SearchIndexIgnoredProperties: e643bd26f0fe6173181afceb89e7c659 -> 
  custom:AudioImporter_EditorPlatform: d09bf68614088b80899f8185d706f6e7 -> 
  custom:video-encoder-webm-vp8: eb34c28f22e8b96e1ab97ce403110664 -> 
  custom:audio-decoder-ogg-vorbis: bf7c407c2cedff20999df2af8eb42d56 -> 
  custom:audio-encoder-webm-vorbis: bf7c407c2cedff20999df2af8eb42d56 -> 
========================================================================
Received Import Request.
  Time since last request: 8933.422787 seconds.
  path: Assets/Images/down.png
  artifactKey: Guid(b2ba31e42e3ef6d4ab1c9453dc6365a0) Importer(815301076,1909f56bfc062723c751e8b465ee728b)
Start importing Assets/Images/down.png using Guid(b2ba31e42e3ef6d4ab1c9453dc6365a0) Importer(815301076,1909f56bfc062723c751e8b465ee728b)  -> (artifact id: 'e9ca9ed35eef3832b8850640090c2ce9') in 0.269508 seconds
Number of updated asset objects reloaded before import = 13
Number of asset objects unloaded after import = 3
========================================================================
Received Import Request.
  Time since last request: 0.000044 seconds.
  path: Assets/Images/heayang.png
  artifactKey: Guid(f04012a459c6cc44db9d08b8343be38b) Importer(815301076,1909f56bfc062723c751e8b465ee728b)
Start importing Assets/Images/heayang.png using Guid(f04012a459c6cc44db9d08b8343be38b) Importer(815301076,1909f56bfc062723c751e8b465ee728b)  -> (artifact id: '790044012a3a4f9f6a3347bb51025edb') in 0.077306 seconds
Number of updated asset objects reloaded before import = 0
Number of asset objects unloaded after import = 14
========================================================================
Received Import Request.
  Time since last request: 0.000040 seconds.
  path: Assets/Images/강의실 BG용.asset
  artifactKey: Guid(c957fe8923751e0478b186d2af5bb5e5) Importer(815301076,1909f56bfc062723c751e8b465ee728b)
Start importing Assets/Images/강의실 BG용.asset using Guid(c957fe8923751e0478b186d2af5bb5e5) Importer(815301076,1909f56bfc062723c751e8b465ee728b)  -> (artifact id: 'a7bc4968492ade630f66041a6acb093b') in 0.032733 seconds
Number of updated asset objects reloaded before import = 0
Number of asset objects unloaded after import = 3
========================================================================
Received Import Request.
  Time since last request: 0.000032 seconds.
  path: Assets/Images/KakaoTalk_20240520_163616950.png
  artifactKey: Guid(18c5ba29047d37046833b1a1957f223b) Importer(815301076,1909f56bfc062723c751e8b465ee728b)
Start importing Assets/Images/KakaoTalk_20240520_163616950.png using Guid(18c5ba29047d37046833b1a1957f223b) Importer(815301076,1909f56bfc062723c751e8b465ee728b)  -> (artifact id: 'd55bde63668f662db857be21ffbe72d5') in 0.035246 seconds
Number of updated asset objects reloaded before import = 0
Number of asset objects unloaded after import = 3
========================================================================
Received Import Request.
  Time since last request: 0.000047 seconds.
  path: Assets/Images/해양대 전경.jpg
  artifactKey: Guid(4c835717ae6b730449917ec0e73c0f18) Importer(815301076,1909f56bfc062723c751e8b465ee728b)
Start importing Assets/Images/해양대 전경.jpg using Guid(4c835717ae6b730449917ec0e73c0f18) Importer(815301076,1909f56bfc062723c751e8b465ee728b)  -> (artifact id: 'b957ed0b109b654f0f6b669e562268d9') in 0.034869 seconds
Number of updated asset objects reloaded before import = 0
Number of asset objects unloaded after import = 3
========================================================================
Received Import Request.
  Time since last request: 0.000031 seconds.
  path: Assets/Images/스크린샷 2024-05-20 172122.png
  artifactKey: Guid(8e38f1129f86b714a97201d0c8f0225e) Importer(815301076,1909f56bfc062723c751e8b465ee728b)
Start importing Assets/Images/스크린샷 2024-05-20 172122.png using Guid(8e38f1129f86b714a97201d0c8f0225e) Importer(815301076,1909f56bfc062723c751e8b465ee728b)  -> (artifact id: 'b742cab804f49474e3bb48a2adbc68a1') in 0.034121 seconds
Number of updated asset objects reloaded before import = 0
Number of asset objects unloaded after import = 3
========================================================================
Received Import Request.
  Time since last request: 0.000053 seconds.
  path: Assets/Images/login.png
  artifactKey: Guid(0a0cf3ecf8ecdd848a18c7b4442c0784) Importer(815301076,1909f56bfc062723c751e8b465ee728b)
Start importing Assets/Images/login.png using Guid(0a0cf3ecf8ecdd848a18c7b4442c0784) Importer(815301076,1909f56bfc062723c751e8b465ee728b)  -> (artifact id: 'fe15032862b79758df834fb047b2c305') in 0.029387 seconds
Number of updated asset objects reloaded before import = 0
Number of asset objects unloaded after import = 3
========================================================================
Received Import Request.
  Time since last request: 0.000022 seconds.
  path: Assets/Images/logo.png
  artifactKey: Guid(8fefa4d06f85d6648983909fe3e26151) Importer(815301076,1909f56bfc062723c751e8b465ee728b)
Start importing Assets/Images/logo.png using Guid(8fefa4d06f85d6648983909fe3e26151) Importer(815301076,1909f56bfc062723c751e8b465ee728b)  -> (artifact id: '7d17ddae2602c49caa58afb7bb18d8c3') in 0.026329 seconds
Number of updated asset objects reloaded before import = 0
Number of asset objects unloaded after import = 3
========================================================================
Received Import Request.
  Time since last request: 0.000044 seconds.
  path: Assets/Images/해양이48pix.png
  artifactKey: Guid(8081cd175c5bbc44eafbdd8f7c8a0dc3) Importer(815301076,1909f56bfc062723c751e8b465ee728b)
Start importing Assets/Images/해양이48pix.png using Guid(8081cd175c5bbc44eafbdd8f7c8a0dc3) Importer(815301076,1909f56bfc062723c751e8b465ee728b)  -> (artifact id: '4c30d2aa30d75aeb29ef489a05d0213b') in 0.068995 seconds
Number of updated asset objects reloaded before import = 0
Number of asset objects unloaded after import = 14
========================================================================
Received Import Request.
  Time since last request: 0.000067 seconds.
  path: Assets/Images/바닥 픽셀용.png
  artifactKey: Guid(f8b59dfae47caa141ac5d3106b72a66e) Importer(815301076,1909f56bfc062723c751e8b465ee728b)
Start importing Assets/Images/바닥 픽셀용.png using Guid(f8b59dfae47caa141ac5d3106b72a66e) Importer(815301076,1909f56bfc062723c751e8b465ee728b)  -> (artifact id: '847f30d0243df9495e905b67a50675e1') in 0.037472 seconds
Number of updated asset objects reloaded before import = 0
Number of asset objects unloaded after import = 3
========================================================================
Received Import Request.
  Time since last request: 0.000072 seconds.
  path: Assets/Images/강의실 BG용.png
  artifactKey: Guid(9b4b6d489e92df8488114adcadca75d4) Importer(815301076,1909f56bfc062723c751e8b465ee728b)
Start importing Assets/Images/강의실 BG용.png using Guid(9b4b6d489e92df8488114adcadca75d4) Importer(815301076,1909f56bfc062723c751e8b465ee728b)  -> (artifact id: '2207b098d6b91da80f31046282c1f5a5') in 0.031512 seconds
Number of updated asset objects reloaded before import = 0
Number of asset objects unloaded after import = 3
